<?xml version="1.0" encoding="UTF-8"?>
<testng-results skipped="0" failed="0" ignored="0" total="1" passed="1">
  <reporter-output>
  </reporter-output>
  <suite name="Default suite" duration-ms="21120" started-at="2020-09-25T22:59:55 EDT" finished-at="2020-09-25T23:00:16 EDT">
    <groups>
    </groups>
    <test name="Default test" duration-ms="21120" started-at="2020-09-25T22:59:55 EDT" finished-at="2020-09-25T23:00:16 EDT">
      <class name="emirates.VerifyHomePage">
        <test-method status="PASS" signature="beforeTest()[pri:0, instance:emirates.VerifyHomePage@5c5a1b69]" name="beforeTest" is-config="true" duration-ms="9723" started-at="2020-09-25T22:59:55 EDT" finished-at="2020-09-25T23:00:05 EDT">
          <reporter-output>
          </reporter-output>
        </test-method> <!-- beforeTest -->
        <test-method status="PASS" signature="f()[pri:0, instance:emirates.VerifyHomePage@5c5a1b69]" name="f" duration-ms="7541" started-at="2020-09-25T23:00:05 EDT" finished-at="2020-09-25T23:00:13 EDT">
          <reporter-output>
          </reporter-output>
        </test-method> <!-- f -->
        <test-method status="PASS" signature="afterTest()[pri:0, instance:emirates.VerifyHomePage@5c5a1b69]" name="afterTest" is-config="true" duration-ms="3744" started-at="2020-09-25T23:00:13 EDT" finished-at="2020-09-25T23:00:16 EDT">
          <reporter-output>
          </reporter-output>
        </test-method> <!-- afterTest -->
      </class> <!-- emirates.VerifyHomePage -->
    </test> <!-- Default test -->
  </suite> <!-- Default suite -->
</testng-results>
