<?xml version="1.0" encoding="UTF-8"?>
<testng-results skipped="0" failed="0" ignored="0" total="1" passed="1">
  <reporter-output>
  </reporter-output>
  <suite name="Default suite" duration-ms="34757" started-at="2020-09-25T00:19:06 EDT" finished-at="2020-09-25T00:19:40 EDT">
    <groups>
    </groups>
    <test name="Default test" duration-ms="34757" started-at="2020-09-25T00:19:06 EDT" finished-at="2020-09-25T00:19:40 EDT">
      <class name="FirstTestNG.Test_TestNG">
        <test-method status="PASS" signature="f()[pri:0, instance:FirstTestNG.Test_TestNG@7fac631b]" name="f" duration-ms="34704" started-at="2020-09-25T00:19:06 EDT" finished-at="2020-09-25T00:19:40 EDT">
          <reporter-output>
          </reporter-output>
        </test-method> <!-- f -->
      </class> <!-- FirstTestNG.Test_TestNG -->
    </test> <!-- Default test -->
  </suite> <!-- Default suite -->
</testng-results>
