<?xml version="1.0" encoding="UTF-8"?>
<!-- Generated by org.testng.reporters.JUnitXMLReporter -->
<testsuite hostname="DESKTOP-GBMD9S2" ignored="0" name="Default test" tests="3" failures="0" timestamp="2020-10-10T22:37:21 EDT" time="0.146" errors="0">
  <testcase name="Do_while_Loops" time="0.011" classname="FirstTestNG.Loops_Concepts"/>
  <testcase name="For_Loops" time="0.002" classname="FirstTestNG.Loops_Concepts"/>
  <testcase name="While_loops" time="0.002" classname="FirstTestNG.Loops_Concepts"/>
</testsuite> <!-- Default test -->
